{"level":"info","message":"GET /get-employees","timestamp":"2024-12-20T16:00:09.731Z"}
{"level":"info","message":"GET /","timestamp":"2024-12-20T16:00:56.181Z"}
{"level":"info","message":"GET /get-employees","timestamp":"2024-12-20T16:01:05.493Z"}
{"level":"info","message":"GET /","timestamp":"2024-12-20T16:50:23.384Z"}
{"level":"info","message":"GET /api/get-employees","timestamp":"2024-12-21T02:32:36.263Z"}
{"level":"info","message":"GET /api/get-employees?page=1&pageSize=10&keyword=","timestamp":"2024-12-21T02:48:32.906Z"}
{"level":"info","message":"POST /api/add-employee","timestamp":"2024-12-21T02:49:16.514Z"}
{"level":"info","message":"POST /api/add-employee","timestamp":"2024-12-21T02:49:21.625Z"}
{"level":"info","message":"GET /api/get-employees","timestamp":"2024-12-21T02:49:21.643Z"}
{"level":"info","message":"GET /api/get-employees?page=1&pageSize=10&keyword=","timestamp":"2024-12-21T02:50:29.116Z"}
{"level":"info","message":"GET /api/get-employees?page=1&pageSize=10&keyword=","timestamp":"2024-12-21T02:53:26.328Z"}
{"level":"info","message":"GET /api/get-employees?page=1&pageSize=10&keyword=","timestamp":"2024-12-21T02:53:30.223Z"}
{"level":"info","message":"GET /api/get-employees?page=1&pageSize=10","timestamp":"2024-12-21T02:55:41.431Z"}
{"level":"info","message":"GET /api/get-employees?page=1&pageSize=10","timestamp":"2024-12-21T02:55:48.430Z"}
{"level":"info","message":"GET /api/get-employees?page=1&pageSize=10","timestamp":"2024-12-21T02:56:58.064Z"}
{"level":"info","message":"POST /api/del-employee/1111","timestamp":"2024-12-21T02:59:29.697Z"}
{"level":"info","message":"POST /api/del-employee/EMP003","timestamp":"2024-12-21T03:00:10.534Z"}
{"level":"info","message":"POST /api/del-employee/EMP003","timestamp":"2024-12-21T03:00:17.894Z"}
{"level":"info","message":"GET /api/get-employees?page=1&pageSize=10","timestamp":"2024-12-21T03:03:16.331Z"}
{"level":"info","message":"POST /api/update-employee/EMP003","timestamp":"2024-12-21T03:03:30.370Z"}
{"level":"info","message":"GET /api/get-employees?page=1&pageSize=10","timestamp":"2024-12-21T03:15:10.251Z"}
{"level":"info","message":"GET /api/get-employees?page=1&pageSize=10","timestamp":"2024-12-21T03:15:10.274Z"}
{"level":"info","message":"GET /api/get-employees?page=1&pageSize=10","timestamp":"2024-12-21T03:15:10.289Z"}
{"level":"info","message":"GET /api/get-employees?page=1&pageSize=10","timestamp":"2024-12-21T03:15:19.438Z"}
{"level":"info","message":"POST /api/del-employee/1111","timestamp":"2024-12-21T03:15:27.435Z"}
{"level":"info","message":"POST /api/del-employee/EMP003","timestamp":"2024-12-21T03:15:38.438Z"}
{"level":"info","message":"POST /api/del-employee/EMP003","timestamp":"2024-12-21T03:15:44.403Z"}
{"level":"info","message":"GET /api/get-employees?page=1&pageSize=10","timestamp":"2024-12-21T03:15:48.997Z"}
{"level":"info","message":"POST /api/update-employee/EMP003","timestamp":"2024-12-21T03:16:01.153Z"}
{"level":"info","message":"POST /api/del-employee/EMP003","timestamp":"2024-12-21T03:16:05.040Z"}
{"level":"info","message":"GET /api/get-employees?page=1&pageSize=10","timestamp":"2024-12-21T03:22:51.926Z"}
{"level":"info","message":"GET /api/get-employees?page=1&pageSize=10","timestamp":"2024-12-21T03:22:51.938Z"}
{"level":"info","message":"GET /api/get-employees?page=1&pageSize=10","timestamp":"2024-12-21T03:22:51.973Z"}
{"level":"info","message":"GET /api/get-employees?page=1&pageSize=10","timestamp":"2024-12-21T03:22:51.975Z"}
{"level":"info","message":"GET /api/get-employees?page=1&pageSize=10","timestamp":"2024-12-21T03:23:13.012Z"}
{"level":"info","message":"GET /api/get-employees","timestamp":"2024-12-21T03:23:14.732Z"}
{"level":"info","message":"GET /api/get-employees","timestamp":"2024-12-21T03:23:19.821Z"}
{"level":"info","message":"GET /api/get-employees","timestamp":"2024-12-21T03:23:23.292Z"}
{"level":"info","message":"GET /api/get-employees?page=1&pageSize=10","timestamp":"2024-12-21T03:23:27.370Z"}
{"level":"info","message":"GET /api/get-employees","timestamp":"2024-12-21T03:23:28.455Z"}
{"level":"info","message":"GET /api/get-employees?page=1&pageSize=10","timestamp":"2024-12-21T03:23:36.758Z"}
{"level":"info","message":"GET /api/get-employees","timestamp":"2024-12-21T03:23:38.460Z"}
{"level":"info","message":"GET /api/get-employees","timestamp":"2024-12-21T03:23:44.946Z"}
{"level":"info","message":"GET /api/get-employees","timestamp":"2024-12-21T03:23:54.760Z"}
{"level":"info","message":"GET /api/get-employees","timestamp":"2024-12-21T03:23:58.622Z"}
{"level":"info","message":"GET /api/get-employees","timestamp":"2024-12-21T03:24:01.898Z"}
{"level":"info","message":"GET /api/get-employees?page=1&pageSize=10","timestamp":"2024-12-21T03:24:25.214Z"}
{"level":"info","message":"GET /api/get-employees","timestamp":"2024-12-21T03:24:27.100Z"}
{"level":"info","message":"GET /api/get-employees","timestamp":"2024-12-21T03:24:33.648Z"}
{"level":"info","message":"GET /api/get-employees","timestamp":"2024-12-21T03:24:37.595Z"}
{"level":"info","message":"GET /api/get-employees","timestamp":"2024-12-21T03:25:57.034Z"}
{"level":"info","message":"GET /api/get-employees?page=1&pageSize=10","timestamp":"2024-12-21T03:25:59.785Z"}
{"level":"info","message":"GET /api/get-employees","timestamp":"2024-12-21T03:26:02.513Z"}
{"level":"info","message":"GET /api/get-employees?page=1&pageSize=10","timestamp":"2024-12-21T03:28:55.794Z"}
{"level":"info","message":"GET /api/get-employees?page=1&pageSize=10","timestamp":"2024-12-21T03:28:55.804Z"}
{"level":"info","message":"GET /api/get-employees?page=1&pageSize=10","timestamp":"2024-12-21T03:29:23.355Z"}
{"level":"info","message":"POST /api/del-employee/1111","timestamp":"2024-12-21T03:29:33.710Z"}
{"level":"info","message":"POST /api/del-employee/EMP003","timestamp":"2024-12-21T03:29:42.092Z"}
{"level":"info","message":"POST /api/del-employee/EMP003","timestamp":"2024-12-21T03:29:45.078Z"}
{"level":"info","message":"GET /api/get-employees?page=1&pageSize=10","timestamp":"2024-12-21T03:36:04.261Z"}
{"level":"info","message":"POST /api/add-employee","timestamp":"2024-12-21T03:36:29.148Z"}
{"level":"info","message":"GET /api/get-employees","timestamp":"2024-12-21T03:36:29.162Z"}
{"level":"info","message":"GET /api/get-employees?page=1&pageSize=10","timestamp":"2024-12-21T03:36:37.463Z"}
{"level":"info","message":"POST /api/del-employee/1234","timestamp":"2024-12-21T03:37:05.004Z"}
{"level":"info","message":"POST /api/update-employee/1234","timestamp":"2024-12-21T03:37:16.013Z"}
{"level":"info","message":"POST /api/update-employee/1234","timestamp":"2024-12-21T03:37:19.528Z"}
{"level":"info","message":"POST /api/del-employee/1234","timestamp":"2024-12-21T03:37:24.054Z"}
{"level":"info","message":"POST /api/update-employee/EMP004","timestamp":"2024-12-21T03:43:41.238Z"}
{"level":"info","message":"POST /api/del-employee/EMP004","timestamp":"2024-12-21T03:44:39.208Z"}
{"level":"info","message":"GET /api/get-employees?page=1&pageSize=10","timestamp":"2024-12-21T03:49:44.417Z"}
{"level":"info","message":"GET /api/get-employees?page=1&pageSize=10","timestamp":"2024-12-21T03:49:48.847Z"}
{"level":"info","message":"POST /api/del-employee/1234","timestamp":"2024-12-21T03:49:55.925Z"}
{"level":"info","message":"POST /api/del-employee/EMP003","timestamp":"2024-12-21T03:50:07.985Z"}
{"level":"info","message":"POST /api/add-employee","timestamp":"2024-12-21T03:50:47.429Z"}
{"level":"info","message":"POST /api/add-employee","timestamp":"2024-12-21T03:50:50.087Z"}
{"level":"info","message":"POST /api/add-employee","timestamp":"2024-12-21T03:53:09.986Z"}
{"level":"info","message":"GET /api/get-employees","timestamp":"2024-12-21T03:58:04.057Z"}
{"level":"info","message":"GET /api/get-employees","timestamp":"2024-12-21T04:08:10.541Z"}
{"level":"info","message":"GET /api/get-employees","timestamp":"2024-12-21T04:08:13.234Z"}
{"level":"info","message":"POST /api/update-employee/EMP004","timestamp":"2024-12-21T04:08:46.992Z"}
{"level":"info","message":"POST /api/del-employee/EMP004","timestamp":"2024-12-21T04:10:56.446Z"}
{"level":"info","message":"POST /api/del-employee/EMP004","timestamp":"2024-12-21T04:12:36.320Z"}
{"level":"info","message":"POST /api/del-employee/EMP004","timestamp":"2024-12-21T04:12:41.247Z"}
{"level":"info","message":"POST /api/del-employee/EMP004","timestamp":"2024-12-21T04:14:01.159Z"}
{"level":"info","message":"POST /api/del-employee/EMP004","timestamp":"2024-12-21T04:17:55.972Z"}
{"level":"info","message":"POST /api/del-employee/EMP004","timestamp":"2024-12-21T04:17:59.449Z"}
{"level":"info","message":"DELETE /api/del-employee/EMP004","timestamp":"2024-12-21T04:21:14.960Z"}
{"level":"info","message":"POST /api/del-employee/EMP004","timestamp":"2024-12-21T04:22:55.676Z"}
{"level":"info","message":"POST /api/update-employee/EMP004","timestamp":"2024-12-21T04:23:39.130Z"}
{"level":"info","message":"POST /api/del-employee/EMP004","timestamp":"2024-12-21T04:25:49.956Z"}
{"level":"info","message":"POST /api/del-employee/EMP004","timestamp":"2024-12-21T04:29:44.521Z"}
{"level":"info","message":"POST /api/del-employee/EMP004","timestamp":"2024-12-21T04:30:35.685Z"}
{"level":"info","message":"POST /api/del-employee/EMP004","timestamp":"2024-12-21T04:30:44.606Z"}
{"level":"info","message":"POST /api/add-employee","timestamp":"2024-12-21T04:31:49.706Z"}
{"level":"info","message":"POST /api/del-employee/EMP003","timestamp":"2024-12-21T04:33:51.468Z"}
{"level":"info","message":"GET /api/get-employees","timestamp":"2024-12-21T04:47:46.653Z"}
{"level":"info","message":"GET /api/get-employees","timestamp":"2024-12-21T04:47:46.668Z"}
{"level":"info","message":"GET /api/get-employees","timestamp":"2024-12-21T04:47:49.829Z"}
{"level":"info","message":"GET /api/get-employees","timestamp":"2024-12-21T04:48:05.272Z"}
{"level":"info","message":"GET /api/get-employees","timestamp":"2024-12-21T04:48:10.687Z"}
{"level":"info","message":"GET /api/get-employees","timestamp":"2024-12-21T04:48:15.421Z"}
{"level":"info","message":"GET /api/get-employees","timestamp":"2024-12-21T04:48:19.204Z"}
{"level":"info","message":"POST /api/add-employee","timestamp":"2024-12-21T04:48:50.266Z"}
{"level":"info","message":"GET /api/get-employees","timestamp":"2024-12-21T04:48:50.285Z"}
{"level":"info","message":"GET /api/get-employees","timestamp":"2024-12-21T04:48:57.548Z"}
{"level":"info","message":"GET /api/get-employees","timestamp":"2024-12-21T04:48:59.417Z"}
{"level":"info","message":"GET /api/get-employees","timestamp":"2024-12-21T04:49:12.778Z"}
{"level":"info","message":"GET /api/get-employees","timestamp":"2024-12-21T04:49:16.952Z"}
{"level":"info","message":"GET /api/get-employees","timestamp":"2024-12-21T04:58:07.691Z"}
{"level":"info","message":"GET /api/get-employees","timestamp":"2024-12-21T04:58:15.848Z"}
{"level":"info","message":"GET /api/get-employee/EMP001","timestamp":"2024-12-21T05:08:58.256Z"}
{"level":"info","message":"GET /api/get-employee/EMP001","timestamp":"2024-12-21T05:09:44.363Z"}
{"level":"info","message":"GET /api/get-employees","timestamp":"2024-12-21T05:10:02.846Z"}
{"level":"info","message":"GET /api/get-employees","timestamp":"2024-12-21T05:10:02.859Z"}
{"level":"info","message":"GET /api/get-employees","timestamp":"2024-12-21T05:10:11.253Z"}
{"level":"info","message":"GET /api/get-employee/undefined","timestamp":"2024-12-21T05:10:12.989Z"}
{"level":"info","message":"GET /api/get-employees","timestamp":"2024-12-21T05:10:18.584Z"}
{"level":"info","message":"GET /api/get-employee/undefined","timestamp":"2024-12-21T05:10:21.572Z"}
{"level":"info","message":"GET /api/get-employees","timestamp":"2024-12-21T05:14:30.956Z"}
{"level":"info","message":"GET /api/get-employee/undefined","timestamp":"2024-12-21T05:14:50.100Z"}
{"level":"info","message":"GET /api/get-employees","timestamp":"2024-12-21T05:16:38.041Z"}
{"level":"info","message":"GET /api/get-employee/1234","timestamp":"2024-12-21T05:17:01.567Z"}
{"level":"info","message":"GET /api/get-employees","timestamp":"2024-12-21T05:26:37.649Z"}
{"level":"info","message":"POST /api/del-employee/1006","timestamp":"2024-12-21T05:26:53.113Z"}
{"level":"info","message":"GET /api/get-employees","timestamp":"2024-12-21T05:26:53.128Z"}
{"level":"info","message":"GET /api/get-employees","timestamp":"2024-12-21T05:27:06.211Z"}
{"level":"info","message":"POST /api/add-employee","timestamp":"2024-12-21T05:32:29.580Z"}
{"level":"info","message":"POST /api/add-employee","timestamp":"2024-12-21T05:32:33.221Z"}
{"level":"info","message":"POST /api/add-employee","timestamp":"2024-12-21T05:32:42.135Z"}
{"level":"info","message":"POST /api/add-employee","timestamp":"2024-12-21T05:32:44.675Z"}
{"level":"info","message":"POST /api/add-employee","timestamp":"2024-12-21T05:33:58.858Z"}
{"level":"info","message":"POST /api/add-employee","timestamp":"2024-12-21T05:34:08.461Z"}
{"level":"info","message":"POST /api/add-employee","timestamp":"2024-12-21T05:34:23.463Z"}
{"level":"info","message":"GET /api/get-employees","timestamp":"2024-12-21T05:34:35.136Z"}
{"level":"info","message":"POST /api/add-employee","timestamp":"2024-12-21T05:34:56.873Z"}
{"level":"info","message":"GET /api/get-employees","timestamp":"2024-12-21T05:38:46.523Z"}
{"level":"info","message":"POST /api/add-employee","timestamp":"2024-12-21T05:39:04.182Z"}
{"level":"info","message":"GET /api/get-employees","timestamp":"2024-12-21T05:39:04.197Z"}
{"level":"info","message":"GET /api/get-employees","timestamp":"2024-12-21T05:39:13.154Z"}
{"level":"info","message":"POST /api/del-employee/1009","timestamp":"2024-12-21T05:39:28.208Z"}
{"level":"info","message":"GET /api/get-employees","timestamp":"2024-12-21T05:39:28.226Z"}
{"level":"info","message":"GET /api/get-employees","timestamp":"2024-12-21T05:39:39.145Z"}
{"level":"info","message":"POST /api/update-employee/undefined","timestamp":"2024-12-21T05:40:30.953Z"}
{"level":"info","message":"POST /api/update-employee/undefined","timestamp":"2024-12-21T05:40:34.559Z"}
{"level":"info","message":"GET /api/get-employees","timestamp":"2024-12-21T05:43:07.703Z"}
{"level":"info","message":"GET /api/get-employees","timestamp":"2024-12-21T05:43:07.716Z"}
{"level":"info","message":"GET /api/get-employees","timestamp":"2024-12-21T05:43:07.722Z"}
{"level":"info","message":"GET /api/get-employees","timestamp":"2024-12-21T05:43:10.602Z"}
{"level":"info","message":"POST /api/update-employee/1234","timestamp":"2024-12-21T05:43:35.384Z"}
{"level":"info","message":"GET /api/get-employees","timestamp":"2024-12-21T05:43:35.403Z"}
{"level":"info","message":"GET /api/get-employees","timestamp":"2024-12-21T05:43:43.143Z"}
{"level":"info","message":"POST /api/del-employee/1111","timestamp":"2024-12-21T05:45:11.941Z"}
{"level":"info","message":"GET /api/get-employees","timestamp":"2024-12-21T05:45:11.959Z"}
{"level":"info","message":"GET /api/get-employees","timestamp":"2024-12-21T05:45:19.513Z"}
{"level":"info","message":"GET /api/get-employees","timestamp":"2024-12-21T05:46:41.755Z"}
{"level":"info","message":"GET /api/get-employees","timestamp":"2024-12-21T05:46:41.777Z"}
{"level":"info","message":"GET /api/get-employees","timestamp":"2024-12-21T05:46:55.780Z"}
{"level":"info","message":"GET /api/get-employees","timestamp":"2024-12-21T05:47:05.672Z"}
{"level":"info","message":"POST /api/del-employee/1234","timestamp":"2024-12-21T05:47:15.616Z"}
{"level":"info","message":"GET /api/get-employees","timestamp":"2024-12-21T05:47:15.633Z"}
{"level":"info","message":"GET /api/get-employees","timestamp":"2024-12-21T05:48:40.138Z"}
{"level":"info","message":"GET /api/get-employees","timestamp":"2024-12-21T05:50:22.677Z"}
{"level":"info","message":"GET /api/get-employees","timestamp":"2024-12-21T05:50:28.186Z"}
{"level":"info","message":"GET /api/get-employees","timestamp":"2024-12-21T05:50:31.495Z"}
{"level":"info","message":"GET /api/get-employees","timestamp":"2024-12-21T05:50:34.867Z"}
{"level":"info","message":"POST /api/del-employee/EMP002","timestamp":"2024-12-21T05:50:43.415Z"}
{"level":"info","message":"GET /api/get-employees","timestamp":"2024-12-21T05:50:43.432Z"}
{"level":"info","message":"GET /api/get-employees","timestamp":"2024-12-21T05:50:45.481Z"}
{"level":"info","message":"POST /api/update-employee/EMP001","timestamp":"2024-12-21T05:51:13.472Z"}
{"level":"info","message":"GET /api/get-employees","timestamp":"2024-12-21T05:51:13.491Z"}
{"level":"info","message":"GET /api/get-employees","timestamp":"2024-12-21T05:51:17.827Z"}
{"level":"info","message":"GET /api/get-employees","timestamp":"2024-12-21T06:00:59.682Z"}
{"level":"info","message":"GET /api/get-employees","timestamp":"2024-12-21T07:57:43.124Z"}
{"level":"info","message":"GET /api/get-employees","timestamp":"2024-12-21T07:58:01.150Z"}
{"level":"info","message":"GET /api/get-employees","timestamp":"2024-12-21T07:58:26.350Z"}
{"level":"info","message":"GET /api/get-employees","timestamp":"2024-12-21T10:26:08.767Z"}
{"level":"info","message":"GET /api/get-employees","timestamp":"2024-12-21T10:27:49.004Z"}
{"level":"info","message":"GET /api/get-employees","timestamp":"2024-12-21T10:33:56.098Z"}
{"level":"info","message":"GET /api/get-employees","timestamp":"2024-12-21T10:34:41.715Z"}
{"level":"info","message":"GET /api/get-employees","timestamp":"2024-12-21T10:34:55.340Z"}
{"level":"info","message":"POST /api/add-employee","timestamp":"2024-12-21T10:36:07.149Z"}
{"level":"info","message":"GET /api/get-employees","timestamp":"2024-12-21T10:36:07.182Z"}
{"level":"info","message":"GET /api/get-employees","timestamp":"2024-12-21T10:36:09.246Z"}
{"level":"info","message":"POST /api/update-employee/EMP001","timestamp":"2024-12-21T10:36:38.561Z"}
{"level":"info","message":"GET /api/get-employees","timestamp":"2024-12-21T10:36:38.585Z"}
{"level":"info","message":"GET /api/get-employees","timestamp":"2024-12-21T10:36:44.942Z"}
{"level":"info","message":"POST /api/del-employee/EMP002","timestamp":"2024-12-21T10:36:52.954Z"}
{"level":"info","message":"GET /api/get-employees","timestamp":"2024-12-21T10:36:52.973Z"}
{"level":"info","message":"GET /api/get-employees","timestamp":"2024-12-21T10:36:55.016Z"}
{"level":"info","message":"POST /api/add-employee","timestamp":"2024-12-21T10:37:48.974Z"}
{"level":"info","message":"GET /api/get-employees","timestamp":"2024-12-21T10:37:48.988Z"}
{"level":"info","message":"GET /api/get-employees","timestamp":"2024-12-21T10:37:51.039Z"}
{"level":"info","message":"GET /api/get-employees","timestamp":"2024-12-21T12:56:18.598Z"}
{"level":"info","message":"POST /api/del-employee/EMP002","timestamp":"2024-12-21T12:56:22.770Z"}
{"level":"info","message":"GET /api/get-employees","timestamp":"2024-12-21T12:56:22.787Z"}
{"level":"info","message":"GET /api/get-employees","timestamp":"2024-12-21T12:56:24.835Z"}
{"level":"info","message":"GET /api/get-employees","timestamp":"2024-12-21T12:57:29.433Z"}
{"level":"info","message":"GET /api/get-employees","timestamp":"2024-12-21T12:57:38.553Z"}
{"level":"info","message":"GET /api/get-employees","timestamp":"2024-12-21T12:58:05.662Z"}
{"level":"info","message":"POST /api/add-employee","timestamp":"2024-12-21T12:58:32.333Z"}
{"level":"info","message":"GET /api/get-employees","timestamp":"2024-12-21T12:58:32.351Z"}
{"level":"info","message":"GET /api/get-employees","timestamp":"2024-12-21T12:58:34.402Z"}
{"level":"info","message":"GET /api/get-employees","timestamp":"2024-12-21T13:04:27.873Z"}
{"level":"info","message":"GET /api/get-employees","timestamp":"2024-12-21T13:04:27.883Z"}
{"level":"info","message":"GET /api/get-employee/1234","timestamp":"2024-12-21T13:04:27.890Z"}
{"level":"info","message":"GET /api/get-employee/1234","timestamp":"2024-12-21T13:04:27.900Z"}
{"level":"info","message":"GET /api/get-employees","timestamp":"2024-12-21T13:04:53.104Z"}
{"level":"info","message":"GET /api/get-employee/1234","timestamp":"2024-12-21T13:04:54.217Z"}
{"level":"info","message":"GET /api/get-employee/1234","timestamp":"2024-12-21T13:04:56.627Z"}
{"level":"info","message":"GET /api/get-employees","timestamp":"2024-12-21T13:04:58.644Z"}
{"level":"info","message":"POST /api/add-employee","timestamp":"2024-12-21T13:05:16.087Z"}
{"level":"info","message":"GET /api/get-employees","timestamp":"2024-12-21T13:05:16.105Z"}
{"level":"info","message":"GET /api/get-employees","timestamp":"2024-12-21T13:05:18.151Z"}
{"level":"info","message":"GET /api/get-employee/1289","timestamp":"2024-12-21T13:05:20.113Z"}
{"level":"info","message":"GET /api/get-employees","timestamp":"2024-12-21T13:05:23.109Z"}
{"level":"info","message":"GET /api/get-employee/1234","timestamp":"2024-12-21T13:05:32.489Z"}
{"level":"info","message":"GET /api/get-employees","timestamp":"2024-12-21T13:05:34.637Z"}
{"level":"info","message":"GET /api/get-employee/EMP001","timestamp":"2024-12-21T13:05:48.659Z"}
{"level":"info","message":"GET /api/get-employee/EMP001","timestamp":"2024-12-21T13:05:50.830Z"}
{"level":"info","message":"GET /api/get-employees","timestamp":"2024-12-21T13:05:54.138Z"}
{"level":"info","message":"GET /api/get-employee/1289","timestamp":"2024-12-21T13:05:55.515Z"}
{"level":"info","message":"GET /api/get-employee/1289","timestamp":"2024-12-21T13:05:57.747Z"}
{"level":"info","message":"POST /api/update-employee/1289","timestamp":"2024-12-21T13:06:03.077Z"}
{"level":"info","message":"GET /api/get-employees","timestamp":"2024-12-21T13:06:03.094Z"}
{"level":"info","message":"GET /api/get-employee/1289","timestamp":"2024-12-21T13:06:03.115Z"}
{"level":"info","message":"GET /api/get-employees","timestamp":"2024-12-21T13:06:06.691Z"}
{"level":"info","message":"GET /api/get-employees","timestamp":"2024-12-21T13:11:48.616Z"}
{"level":"info","message":"GET /api/get-employees","timestamp":"2024-12-21T13:23:32.812Z"}
{"level":"info","message":"GET /api/get-employees","timestamp":"2024-12-21T13:23:42.949Z"}
{"level":"info","message":"GET /api/get-employee/1289","timestamp":"2024-12-21T14:15:00.097Z"}
{"level":"info","message":"POST /api/del-employee/1289","timestamp":"2024-12-21T14:15:03.276Z"}
{"level":"info","message":"GET /api/get-employees","timestamp":"2024-12-21T14:15:03.294Z"}
{"level":"info","message":"GET /api/get-employees","timestamp":"2024-12-21T14:15:05.345Z"}
{"level":"info","message":"GET /api/get-employees","timestamp":"2024-12-21T14:41:00.440Z"}
{"level":"info","message":"GET /api/get-employee/1234","timestamp":"2024-12-21T14:41:16.034Z"}
{"level":"info","message":"GET /api/get-employees","timestamp":"2024-12-21T14:41:17.583Z"}
{"level":"info","message":"POST /api/add-employee","timestamp":"2024-12-21T14:41:50.530Z"}
{"level":"info","message":"GET /api/get-employees","timestamp":"2024-12-21T14:41:50.553Z"}
{"level":"info","message":"GET /api/get-employees","timestamp":"2024-12-21T14:41:52.603Z"}
{"level":"info","message":"GET /api/get-employees","timestamp":"2024-12-21T14:58:36.237Z"}
{"level":"info","message":"GET /api/get-employee/EMP001","timestamp":"2024-12-21T15:00:44.877Z"}
{"level":"info","message":"GET /api/get-employees","timestamp":"2024-12-21T15:00:46.628Z"}
{"level":"info","message":"GET /api/get-employee/EMP002","timestamp":"2024-12-21T15:00:47.554Z"}
{"level":"info","message":"GET /api/get-employee/EMP002","timestamp":"2024-12-21T15:02:14.497Z"}
{"level":"info","message":"GET /api/get-employees","timestamp":"2024-12-21T15:02:28.779Z"}
{"level":"info","message":"GET /api/get-employees","timestamp":"2024-12-21T15:04:03.301Z"}
{"level":"info","message":"GET /api/get-employee/1234","timestamp":"2024-12-21T15:04:05.142Z"}
{"level":"info","message":"GET /api/get-employees","timestamp":"2024-12-21T15:04:12.033Z"}
{"level":"info","message":"GET /api/get-employees","timestamp":"2025-01-12T10:32:49.814Z"}
{"level":"info","message":"GET /api/get-employee/EMP002","timestamp":"2025-01-12T10:32:53.485Z"}
{"level":"info","message":"GET /api/get-employees","timestamp":"2025-01-12T10:32:56.387Z"}
{"level":"info","message":"GET /User/login","timestamp":"2025-01-12T10:35:41.052Z"}
{"level":"info","message":"POST /User/signin","timestamp":"2025-01-12T10:37:13.014Z"}
{"level":"info","message":"POST /User/signin","timestamp":"2025-01-12T10:39:06.639Z"}
{"level":"info","message":"POST /User/signin","timestamp":"2025-01-12T10:39:35.707Z"}
{"level":"info","message":"POST /User/signin","timestamp":"2025-01-12T10:39:55.434Z"}
